<!--

    Copyright Â© 2006-2016 Web Cohesion (info@webcohesion.com)

    Licensed under the Apache License, Version 2.0 (the "License");
    you may not use this file except in compliance with the License.
    You may obtain a copy of the License at

        http://www.apache.org/licenses/LICENSE-2.0

    Unless required by applicable law or agreed to in writing, software
    distributed under the License is distributed on an "AS IS" BASIS,
    WITHOUT WARRANTIES OR CONDITIONS OF ANY KIND, either express or implied.
    See the License for the specific language governing permissions and
    limitations under the License.

-->
<enunciate>
  <application root="https://www.thebestgenealogywebsite.com/genealogy"/>
  <namespaces>
    <namespace uri="http://enunciate.webcohesion.com/samples/genealogy/cite" id="cite"/>
    <namespace uri="http://enunciate.webcohesion.com/samples/genealogy/data" id="data"/>
    <namespace uri="http://enunciate.webcohesion.com/samples/full" id="full"/>
  </namespaces>
  <modules>
    <idl>
      <schema namespace="http://enunciate.webcohesion.com/samples/genealogy/cite" filename="cite.xsd"/>
      <schema namespace="http://enunciate.webcohesion.com/samples/genealogy/data" filename="data.xsd"/>
      <wsdl namespace="http://enunciate.webcohesion.com/samples/full" filename="full.wsdl"/>
      <wsdl namespace="http://services.genealogy.samples.idl.enunciate.webcohesion.com/" filename="relationship.wsdl"/>
    </idl>
    <jaxb ignoredValidationGroups="com.webcohesion.enunciate.samples.idl.genealogy.services.IgnoredValidationGroup"/>
  </modules>
</enunciate>